<?xml version="1.0" encoding="UTF-8"?>
<!-- Generated by org.testng.reporters.JUnitReportReporter -->
<testsuite skipped="0" hostname="Joshwan" name="pages.LoginPage" tests="1" failures="0" timestamp="2020-06-06T08:02:39 PDT" time="0.017" errors="0">
  <testcase name="readData" time="0.017" classname="pages.LoginPage"/>
  <system-out/>
</testsuite> <!-- pages.LoginPage -->
