<?xml version="1.0" encoding="UTF-8"?>
<!-- Generated by org.testng.reporters.JUnitReportReporter -->
<testsuite skipped="0" hostname="Joshwan" name="frameworkbase.Basepage" tests="1" failures="0" timestamp="2020-06-05T11:24:01 PDT" time="86.113" errors="0">
  <testcase name="BrowserInitialization" time="86.113" classname="frameworkbase.Basepage"/>
  <system-out/>
</testsuite> <!-- frameworkbase.Basepage -->
